<?xml version="1.0" encoding="utf-8"?>
<TestRun id="27d05266-aa6e-4e87-bb12-10ad1257d7b7" name="@mac 2025-05-23 10:06:40" xmlns="http://microsoft.com/schemas/VisualStudio/TeamTest/2010">
  <Times creation="2025-05-23T10:06:40.4045450+03:00" queuing="2025-05-23T10:06:40.4045450+03:00" start="2025-05-23T10:06:40.1245410+03:00" finish="2025-05-23T10:06:40.4047970+03:00" />
  <TestSettings name="default" id="6db2f25f-bef8-4260-ab4d-186418880a15">
    <Deployment runDeploymentRoot="_mac_2025-05-23_10_06_40" />
  </TestSettings>
  <TestLists>
    <TestList name="Results Not in a List" id="8c84fa94-04c1-424b-9868-57a2d4851a1d" />
    <TestList name="All Loaded Results" id="19431567-8539-422a-85d7-44ee4e166bda" />
  </TestLists>
  <ResultSummary outcome="Completed">
    <Counters total="0" executed="0" passed="0" failed="0" error="0" timeout="0" aborted="0" inconclusive="0" passedButRunAborted="0" notRunnable="0" notExecuted="0" disconnected="0" warning="0" completed="0" inProgress="0" pending="0" />
    <RunInfos>
      <RunInfo computerName="mac" outcome="Warning" timestamp="2025-05-23T10:06:40.3658980+03:00">
        <Text>No test is available in /Users/hamaronooo/Documents/Development/KutCode.AutoMapper.Extensions/tests/Integration.Tests/bin/Debug/net8.0/Integration.Tests.dll. Make sure that test discoverer &amp; executors are registered and platform &amp; framework version settings are appropriate and try again.</Text>
      </RunInfo>
    </RunInfos>
  </ResultSummary>
</TestRun>